
ROM used:   151/8192 (2%)
            151/8192 (2%) including unused fragments

            0.2 Average locations per line
            5.0 Average locations per statement

RAM used:   17/368 (5%) at main() level
            17/368 (5%) worst case

Stack used: 1 worst case (0 in main + 1 for interrupts)
Stack size: 8

Lines Stmts  %   Files
----- ----- ---  -----
   62    30 100  servo.c
  661     0   0  ..\..\..\..\..\Program Files (x86)\PICC\Devices\16f877A.h
----- -----
  723    30 Total

Page ROM  %  RAM   Vol Diff  Functions:
---- --- --- ---   --- ----  ----------
0     11   7    0             @const622
0     39  26    0   315  4.2  kesme
0     54  36    0   354  3.8  MAIN
 Inline         0             @cinit1

Program metrics:
    Functions               2
    Statements              30
    Comments                110
    Volume (V)              801
    Difficulty (D)          7.7
    Effort to implement (E) 6146
    Time to implement (T)   6 minutes
    Est Delivered Bugs (B)  0
    Cyclomatic Complexity   5
    Maintainability (MI)    51

 Segment     Used  Free
-----------  ----  ----
00000-00003     4  0  
00004-0002E    43  0  
0002F-007FF   104  1897  
00800-00FFF     0  2048  
01000-017FF     0  2048  
01800-01FFF     0  2048  



